
> my-account-lite-frontend@1.0.0 dev
> vite --port 3000


  VITE v6.4.1  ready in 81 ms

  ➜  Local:   http://localhost:3000/
  ➜  Network: use --host to expose
  ➜  press h + enter to show help
8:41:38 PM [vite] (client) Pre-transform error: Transform failed with 1 error:
/home/colton/Desktop/demo/lmc-demo-frontend/src/connect/client.ts:65:14: ERROR: Expected ";" but found "{"
  Plugin: vite:esbuild
  File: /home/colton/Desktop/demo/lmc-demo-frontend/src/connect/client.ts:65:14
  
  Expected ";" but found "{"
  63 |  
  64 |          return response.json();
  65 |      } finally {
     |                ^
  66 |          clearTimeout(timeoutId);
  67 |      }
  
8:41:38 PM [vite] (client) Pre-transform error: Transform failed with 1 error:
/home/colton/Desktop/demo/lmc-demo-frontend/src/connect/client.ts:65:14: ERROR: Expected ";" but found "{"
  Plugin: vite:esbuild
  File: /home/colton/Desktop/demo/lmc-demo-frontend/src/connect/client.ts:65:14
  
  Expected ";" but found "{"
  63 |  
  64 |          return response.json();
  65 |      } finally {
     |                ^
  66 |          clearTimeout(timeoutId);
  67 |      }
  
8:41:38 PM [vite] (client) Pre-transform error: Transform failed with 1 error:
/home/colton/Desktop/demo/lmc-demo-frontend/src/connect/client.ts:65:14: ERROR: Expected ";" but found "{"
  Plugin: vite:esbuild
  File: /home/colton/Desktop/demo/lmc-demo-frontend/src/connect/client.ts:65:14
  
  Expected ";" but found "{"
  63 |  
  64 |          return response.json();
  65 |      } finally {
     |                ^
  66 |          clearTimeout(timeoutId);
  67 |      }
  
8:41:38 PM [vite] (client) Pre-transform error: Transform failed with 1 error:
/home/colton/Desktop/demo/lmc-demo-frontend/src/connect/client.ts:65:14: ERROR: Expected ";" but found "{"
  Plugin: vite:esbuild
  File: /home/colton/Desktop/demo/lmc-demo-frontend/src/connect/client.ts:65:14
  
  Expected ";" but found "{"
  63 |  
  64 |          return response.json();
  65 |      } finally {
     |                ^
  66 |          clearTimeout(timeoutId);
  67 |      }
  
8:41:38 PM [vite] (client) Pre-transform error: Transform failed with 1 error:
/home/colton/Desktop/demo/lmc-demo-frontend/src/connect/client.ts:65:14: ERROR: Expected ";" but found "{"
  Plugin: vite:esbuild
  File: /home/colton/Desktop/demo/lmc-demo-frontend/src/connect/client.ts:65:14
  
  Expected ";" but found "{"
  63 |  
  64 |          return response.json();
  65 |      } finally {
     |                ^
  66 |          clearTimeout(timeoutId);
  67 |      }
  
8:41:38 PM [vite] (client) Pre-transform error: Transform failed with 1 error:
/home/colton/Desktop/demo/lmc-demo-frontend/src/connect/client.ts:65:14: ERROR: Expected ";" but found "{"
  Plugin: vite:esbuild
  File: /home/colton/Desktop/demo/lmc-demo-frontend/src/connect/client.ts:65:14
  
  Expected ";" but found "{"
  63 |  
  64 |          return response.json();
  65 |      } finally {
     |                ^
  66 |          clearTimeout(timeoutId);
  67 |      }
  
8:41:38 PM [vite] (client) Pre-transform error: Transform failed with 1 error:
/home/colton/Desktop/demo/lmc-demo-frontend/src/connect/client.ts:65:14: ERROR: Expected ";" but found "{"
  Plugin: vite:esbuild
  File: /home/colton/Desktop/demo/lmc-demo-frontend/src/connect/client.ts:65:14
  
  Expected ";" but found "{"
  63 |  
  64 |          return response.json();
  65 |      } finally {
     |                ^
  66 |          clearTimeout(timeoutId);
  67 |      }
  
8:41:38 PM [vite] (client) Pre-transform error: Transform failed with 1 error:
/home/colton/Desktop/demo/lmc-demo-frontend/src/connect/client.ts:65:14: ERROR: Expected ";" but found "{"
  Plugin: vite:esbuild
  File: /home/colton/Desktop/demo/lmc-demo-frontend/src/connect/client.ts:65:14
  
  Expected ";" but found "{"
  63 |  
  64 |          return response.json();
  65 |      } finally {
     |                ^
  66 |          clearTimeout(timeoutId);
  67 |      }
  
8:41:38 PM [vite] (client) Pre-transform error: Transform failed with 1 error:
/home/colton/Desktop/demo/lmc-demo-frontend/src/connect/client.ts:65:14: ERROR: Expected ";" but found "{"
  Plugin: vite:esbuild
  File: /home/colton/Desktop/demo/lmc-demo-frontend/src/connect/client.ts:65:14
  
  Expected ";" but found "{"
  63 |  
  64 |          return response.json();
  65 |      } finally {
     |                ^
  66 |          clearTimeout(timeoutId);
  67 |      }
  
8:41:38 PM [vite] (client) Pre-transform error: Transform failed with 1 error:
/home/colton/Desktop/demo/lmc-demo-frontend/src/connect/client.ts:65:14: ERROR: Expected ";" but found "{"
  Plugin: vite:esbuild
  File: /home/colton/Desktop/demo/lmc-demo-frontend/src/connect/client.ts:65:14
  
  Expected ";" but found "{"
  63 |  
  64 |          return response.json();
  65 |      } finally {
     |                ^
  66 |          clearTimeout(timeoutId);
  67 |      }
  
8:41:38 PM [vite] (client) Pre-transform error: Transform failed with 1 error:
/home/colton/Desktop/demo/lmc-demo-frontend/src/connect/client.ts:65:14: ERROR: Expected ";" but found "{"
  Plugin: vite:esbuild
  File: /home/colton/Desktop/demo/lmc-demo-frontend/src/connect/client.ts:65:14
  
  Expected ";" but found "{"
  63 |  
  64 |          return response.json();
  65 |      } finally {
     |                ^
  66 |          clearTimeout(timeoutId);
  67 |      }
  
8:41:38 PM [vite] Internal server error: Transform failed with 1 error:
/home/colton/Desktop/demo/lmc-demo-frontend/src/connect/client.ts:65:14: ERROR: Expected ";" but found "{"
  Plugin: vite:esbuild
  File: /home/colton/Desktop/demo/lmc-demo-frontend/src/connect/client.ts:65:14
  
  Expected ";" but found "{"
  63 |  
  64 |          return response.json();
  65 |      } finally {
     |                ^
  66 |          clearTimeout(timeoutId);
  67 |      }
  
      at failureErrorWithLog (/home/colton/Desktop/demo/lmc-demo-frontend/node_modules/esbuild/lib/main.js:1467:15)
      at /home/colton/Desktop/demo/lmc-demo-frontend/node_modules/esbuild/lib/main.js:736:50
      at responseCallbacks.<computed> (/home/colton/Desktop/demo/lmc-demo-frontend/node_modules/esbuild/lib/main.js:603:9)
      at handleIncomingPacket (/home/colton/Desktop/demo/lmc-demo-frontend/node_modules/esbuild/lib/main.js:658:12)
      at Socket.readFromStdout (/home/colton/Desktop/demo/lmc-demo-frontend/node_modules/esbuild/lib/main.js:581:7)
      at Socket.emit (node:events:519:28)
      at addChunk (node:internal/streams/readable:561:12)
      at readableAddChunkPushByteMode (node:internal/streams/readable:512:3)
      at Readable.push (node:internal/streams/readable:392:5)
      at Pipe.onStreamRead (node:internal/stream_base_commons:189:23)
8:41:39 PM [vite] (client) ✨ new dependencies optimized: lit, lit/decorators.js
